Log file open, 03/04/20 22:09:59
LogWindows: Failed to load 'aqProf.dll' (GetLastError=126)
LogWindows: File 'aqProf.dll' does not exist
LogWindows: Failed to load 'VtuneApi.dll' (GetLastError=126)
LogWindows: File 'VtuneApi.dll' does not exist
LogWindows: Failed to load 'VtuneApi32e.dll' (GetLastError=126)
LogWindows: File 'VtuneApi32e.dll' does not exist
LogConsoleResponse: Display: Failed to find resolution value strings in scalability ini. Falling back to default.
LogInit: Display: Running engine for game: AppTemplate
LogPlatformFile: Not using cached read wrapper
LogTaskGraph: Started task graph with 5 named threads and 23 total threads with 3 sets of task threads.
LogStats: Stats thread started at 0.058892
LogD3D11RHI: Loaded GFSDK_Aftermath_Lib.x64.dll
LogICUInternationalization: ICU TimeZone Detection - Raw Offset: +7:00, Platform Override: ''
LogPluginManager: Mounting plugin ActorLayerUtilities
LogPluginManager: Mounting plugin CLionSourceCodeAccess
LogPluginManager: Mounting plugin GitSourceControl
LogPluginManager: Mounting plugin NullSourceCodeAccess
LogPluginManager: Mounting plugin PerforceSourceControl
LogPluginManager: Mounting plugin PlasticSourceControl
LogPluginManager: Mounting plugin SubversionSourceControl
LogPluginManager: Mounting plugin UObjectPlugin
LogPluginManager: Mounting plugin VisualStudioCodeSourceCodeAccess
LogPluginManager: Mounting plugin VisualStudioSourceCodeAccess
LogPluginManager: Mounting plugin XCodeSourceCodeAccess
LogPluginManager: Mounting plugin AssetManagerEditor
LogPluginManager: Mounting plugin CryptoKeys
LogPluginManager: Mounting plugin CurveEditorTools
LogPluginManager: Mounting plugin DataValidation
LogPluginManager: Mounting plugin FacialAnimation
LogPluginManager: Mounting plugin GameplayTagsEditor
LogPluginManager: Mounting plugin MacGraphicsSwitching
LogPluginManager: Mounting plugin MaterialAnalyzer
LogPluginManager: Mounting plugin MeshEditor
LogPluginManager: Mounting plugin MobileLauncherProfileWizard
LogPluginManager: Mounting plugin PluginBrowser
LogPluginManager: Mounting plugin VariantManagerContent
LogPluginManager: Mounting plugin AutomationUtils
LogPluginManager: Mounting plugin BlastPlugin
LogPluginManager: Mounting plugin ChaosSolverPlugin
LogPluginManager: Mounting plugin GeometryCollectionPlugin
LogPluginManager: Mounting plugin PlatformCrypto
LogPluginManager: Mounting plugin ProxyLODPlugin
LogPluginManager: Mounting plugin SkeletalReduction
LogPluginManager: Mounting plugin AutoSizeComments
LogPluginManager: Mounting plugin BlueprintAssist
LogPluginManager: Mounting plugin BPThreads
LogPluginManager: Mounting plugin Debug
LogPluginManager: Mounting plugin MultiTask
LogPluginManager: Mounting plugin NodeGraphAssistant
LogPluginManager: Mounting plugin ProductivityTools
LogPluginManager: Mounting plugin PTMTool
LogPluginManager: Mounting plugin AndroidMedia
LogPluginManager: Mounting plugin AvfMedia
LogPluginManager: Mounting plugin ImgMedia
LogPluginManager: Mounting plugin MediaCompositing
LogPluginManager: Mounting plugin MediaPlayerEditor
LogPluginManager: Mounting plugin WebMMedia
LogPluginManager: Mounting plugin WmfMedia
LogPluginManager: Mounting plugin TcpMessaging
LogPluginManager: Mounting plugin UdpMessaging
LogPluginManager: Mounting plugin ActorSequence
LogPluginManager: Mounting plugin LevelSequenceEditor
LogPluginManager: Mounting plugin MatineeToLevelSequence
LogPluginManager: Mounting plugin NetcodeUnitTest
LogPluginManager: Mounting plugin NUTUnrealEngine4
LogPluginManager: Mounting plugin OnlineSubsystemGooglePlay
LogPluginManager: Mounting plugin OnlineSubsystemIOS
LogPluginManager: Mounting plugin OnlineSubsystem
LogPluginManager: Mounting plugin OnlineSubsystemNull
LogPluginManager: Mounting plugin OnlineSubsystemUtils
LogPluginManager: Mounting plugin LauncherChunkInstaller
LogPluginManager: Mounting plugin AndroidDeviceProfileSelector
LogPluginManager: Mounting plugin AndroidMoviePlayer
LogPluginManager: Mounting plugin AndroidPermission
LogPluginManager: Mounting plugin AppleImageUtils
LogPluginManager: Mounting plugin AppleMoviePlayer
LogPluginManager: Mounting plugin AssetTags
LogPluginManager: Mounting plugin AudioCapture
LogPluginManager: Mounting plugin EditableMesh
LogPluginManager: Mounting plugin ExampleDeviceProfileSelector
LogPluginManager: Mounting plugin GoogleCloudMessaging
LogPluginManager: Mounting plugin IOSDeviceProfileSelector
LogPluginManager: Mounting plugin LinuxDeviceProfileSelector
LogPluginManager: Mounting plugin LocationServicesAndroidImpl
LogPluginManager: Mounting plugin LocationServicesBPLibrary
LogPluginManager: Mounting plugin LocationServicesIOSImpl
LogPluginManager: Mounting plugin MobilePatchingUtils
LogPluginManager: Mounting plugin OptionalMobileFeaturesBPLibrary
LogPluginManager: Mounting plugin PostSplashScreen
LogPluginManager: Mounting plugin ProceduralMeshComponent
LogPluginManager: Mounting plugin WebMMoviePlayer
LogPluginManager: Mounting plugin WindowsMoviePlayer
LogPluginManager: Mounting plugin ScreenshotTools
LogInit: Using libcurl 7.55.1-DEV
LogInit:  - built for x86_64-pc-win32
LogInit:  - supports SSL with OpenSSL/1.1.1
LogInit:  - supports HTTP deflate (compression) using libz 1.2.8
LogInit:  - other features:
LogInit:      CURL_VERSION_SSL
LogInit:      CURL_VERSION_LIBZ
LogInit:      CURL_VERSION_IPV6
LogInit:      CURL_VERSION_ASYNCHDNS
LogInit:      CURL_VERSION_LARGEFILE
LogInit:      CURL_VERSION_IDN
LogInit:  CurlRequestOptions (configurable via config and command line):
LogInit:  - bVerifyPeer = true  - Libcurl will verify peer certificate
LogInit:  - bUseHttpProxy = false  - Libcurl will NOT use HTTP proxy
LogInit:  - bDontReuseConnections = false  - Libcurl will reuse connections
LogInit:  - MaxHostConnections = 16  - Libcurl will limit the number of connections to a host
LogInit:  - LocalHostAddr = Default
LogInit:  - BufferSize = 65536
LogOnline: OSS: Creating online subsystem instance for: NULL
LogInit: WinSock: version 1.1 (2.2), MaxSocks=32767, MaxUdp=65467
LogOnline: OSS: TryLoadSubsystemAndSetDefault: Loaded subsystem for module [NULL]
LogInit: Build: ++UE4+Release-4.24-CL-11590370
LogInit: Engine Version: 4.24.3-11590370+++UE4+Release-4.24
LogInit: Compatible Engine Version: 4.24.0-10570792+++UE4+Release-4.24
LogInit: Net CL: 10570792
LogInit: OS: Windows 10 (Release 1909) (), CPU: Intel(R) Core(TM) i7-4770 CPU @ 3.40GHz, GPU: AMD Radeon (TM) R7 360 Series
LogInit: Compiled (64-bit): Feb 24 2020 15:39:18
LogInit: Compiled with Visual C++: 19.16.27032.01
LogInit: Build Configuration: Development
LogInit: Branch Name: ++UE4+Release-4.24
LogInit: Command Line: 
LogInit: Base Directory: C:/Program Files/Epic Games/UE_4.24/Engine/Binaries/Win64/
LogInit: Installed Engine Build: 1
LogDevObjectVersion: Number of dev versions registered: 25
LogDevObjectVersion:   Dev-Blueprints (B0D832E4-1F89-4F0D-ACCF-7EB736FD4AA2): 10
LogDevObjectVersion:   Dev-Build (E1C64328-A22C-4D53-A36C-8E866417BD8C): 0
LogDevObjectVersion:   Dev-Core (375EC13C-06E4-48FB-B500-84F0262A717E): 3
LogDevObjectVersion:   Dev-Editor (E4B068ED-F494-42E9-A231-DA0B2E46BB41): 37
LogDevObjectVersion:   Dev-Framework (CFFC743F-43B0-4480-9391-14DF171D2073): 36
LogDevObjectVersion:   Dev-Mobile (B02B49B5-BB20-44E9-A304-32B752E40360): 2
LogDevObjectVersion:   Dev-Networking (A4E4105C-59A1-49B5-A7C5-40C4547EDFEE): 0
LogDevObjectVersion:   Dev-Online (39C831C9-5AE6-47DC-9A44-9C173E1C8E7C): 0
LogDevObjectVersion:   Dev-Physics (78F01B33-EBEA-4F98-B9B4-84EACCB95AA2): 2
LogDevObjectVersion:   Dev-Platform (6631380F-2D4D-43E0-8009-CF276956A95A): 0
LogDevObjectVersion:   Dev-Rendering (12F88B9F-8875-4AFC-A67C-D90C383ABD29): 36
LogDevObjectVersion:   Dev-Sequencer (7B5AE74C-D270-4C10-A958-57980B212A5A): 11
LogDevObjectVersion:   Dev-VR (D7296918-1DD6-4BDD-9DE2-64A83CC13884): 2
LogDevObjectVersion:   Dev-LoadTimes (C2A15278-BFE7-4AFE-6C17-90FF531DF755): 1
LogDevObjectVersion:   Private-Geometry (6EACA3D4-40EC-4CC1-B786-8BED09428FC5): 3
LogDevObjectVersion:   Dev-AnimPhys (29E575DD-E0A3-4627-9D10-D276232CDCEA): 17
LogDevObjectVersion:   Dev-Anim (AF43A65D-7FD3-4947-9873-3E8ED9C1BB05): 2
LogDevObjectVersion:   Dev-ReflectionCapture (6B266CEC-1EC7-4B8F-A30B-E4D90942FC07): 1
LogDevObjectVersion:   Dev-Automation (0DF73D61-A23F-47EA-B727-89E90C41499A): 1
LogDevObjectVersion:   FortniteMain (601D1886-AC64-4F84-AA16-D3DE0DEAC7D6): 31
LogDevObjectVersion:   Dev-Enterprise (9DFFBCD6-494F-0158-E221-12823C92A888): 8
LogDevObjectVersion:   Dev-Niagara (F2AED0AC-9AFE-416F-8664-AA7FFA26D6FC): 1
LogDevObjectVersion:   Dev-Destruction (174F1F0B-B4C6-45A5-B13F-2EE8D0FB917D): 9
LogDevObjectVersion:   Dev-Physics-Ext (35F94A83-E258-406C-A318-09F59610247C): 8
LogDevObjectVersion:   Dev-CineCamera (B2E18506-4273-CFC2-A54E-F4BB758BBA07): 1
LogInit: Presizing for max 25165824 objects, including 0 objects not considered by GC, pre-allocating 0 bytes for permanent pool.
LogInit: Object subsystem initialized
LogConfig: Setting CVar [[con.DebugEarlyDefault:1]]
LogConfig: Setting CVar [[r.setres:1280x720]]
[2020.03.04-15.09.59:293][  0]LogConfig: Setting CVar [[r.VSync:0]]
[2020.03.04-15.09.59:293][  0]LogConfig: Setting CVar [[r.RHICmdBypass:0]]
[2020.03.04-15.09.59:293][  0]LogConfig: Applying CVar settings from Section [/Script/Engine.RendererSettings] File [C:/Users/PC/Documents/Unreal Projects/AppTemplate/Saved/Config/Windows/Engine.ini]
[2020.03.04-15.09.59:293][  0]LogConfig: Setting CVar [[r.GPUCrashDebugging:0]]
[2020.03.04-15.09.59:293][  0]LogConfig: Setting CVar [[r.MobileHDR:0]]
[2020.03.04-15.09.59:293][  0]LogConfig: Setting CVar [[r.Mobile.DisableVertexFog:1]]
[2020.03.04-15.09.59:293][  0]LogConfig: Setting CVar [[r.Shadow.CSM.MaxMobileCascades:1]]
[2020.03.04-15.09.59:293][  0]LogConfig: Setting CVar [[r.MobileMSAA:1]]
[2020.03.04-15.09.59:293][  0]LogConfig: Setting CVar [[r.Mobile.UseLegacyShadingModel:0]]
[2020.03.04-15.09.59:293][  0]LogConfig: Setting CVar [[r.Mobile.UseHWsRGBEncoding:0]]
[2020.03.04-15.09.59:293][  0]LogConfig: Setting CVar [[r.Mobile.AllowDitheredLODTransition:0]]
[2020.03.04-15.09.59:293][  0]LogConfig: Setting CVar [[r.Mobile.AllowSoftwareOcclusion:0]]
[2020.03.04-15.09.59:293][  0]LogConfig: Setting CVar [[r.DiscardUnusedQuality:1]]
[2020.03.04-15.09.59:293][  0]LogConfig: Setting CVar [[r.AllowOcclusionQueries:0]]
[2020.03.04-15.09.59:293][  0]LogConfig: Setting CVar [[r.MinScreenRadiusForLights:0.030000]]
[2020.03.04-15.09.59:293][  0]LogConfig: Setting CVar [[r.MinScreenRadiusForDepthPrepass:0.030000]]
[2020.03.04-15.09.59:293][  0]LogConfig: Setting CVar [[r.MinScreenRadiusForCSMDepth:0.010000]]
[2020.03.04-15.09.59:293][  0]LogConfig: Setting CVar [[r.PrecomputedVisibilityWarning:0]]
[2020.03.04-15.09.59:293][  0]LogConfig: Setting CVar [[r.TextureStreaming:1]]
[2020.03.04-15.09.59:293][  0]LogConfig: Setting CVar [[Compat.UseDXT5NormalMaps:0]]
[2020.03.04-15.09.59:293][  0]LogConfig: Setting CVar [[r.VirtualTextures:0]]
[2020.03.04-15.09.59:293][  0]LogConfig: Setting CVar [[r.VirtualTexturedLightmaps:0]]
[2020.03.04-15.09.59:293][  0]LogConfig: Setting CVar [[r.VT.TileSize:128]]
[2020.03.04-15.09.59:293][  0]LogConfig: Setting CVar [[r.VT.TileBorderSize:4]]
[2020.03.04-15.09.59:293][  0]LogConfig: Setting CVar [[r.vt.FeedbackFactor:16]]
[2020.03.04-15.09.59:293][  0]LogConfig: Setting CVar [[r.VT.EnableCompressZlib:1]]
[2020.03.04-15.09.59:293][  0]LogConfig: Setting CVar [[r.VT.EnableCompressCrunch:0]]
[2020.03.04-15.09.59:293][  0]LogConfig: Setting CVar [[r.ClearCoatNormal:0]]
[2020.03.04-15.09.59:293][  0]LogConfig: Setting CVar [[r.ReflectionCaptureResolution:8]]
[2020.03.04-15.09.59:293][  0]LogConfig: Setting CVar [[r.ReflectionEnvironmentLightmapMixBasedOnRoughness:1]]
[2020.03.04-15.09.59:293][  0]LogConfig: Setting CVar [[r.ForwardShading:0]]
[2020.03.04-15.09.59:293][  0]LogConfig: Setting CVar [[r.VertexFoggingForOpaque:1]]
[2020.03.04-15.09.59:293][  0]LogConfig: Setting CVar [[r.AllowStaticLighting:0]]
[2020.03.04-15.09.59:293][  0]LogConfig: Setting CVar [[r.NormalMapsForStaticLighting:0]]
[2020.03.04-15.09.59:293][  0]LogConfig: Setting CVar [[r.GenerateMeshDistanceFields:0]]
[2020.03.04-15.09.59:293][  0]LogConfig: Setting CVar [[r.DistanceFieldBuild.EightBit:0]]
[2020.03.04-15.09.59:293][  0]LogConfig: Setting CVar [[r.GenerateLandscapeGIData:0]]
[2020.03.04-15.09.59:293][  0]LogConfig: Setting CVar [[r.DistanceFieldBuild.Compress:0]]
[2020.03.04-15.09.59:293][  0]LogConfig: Setting CVar [[r.TessellationAdaptivePixelsPerTriangle:48.000000]]
[2020.03.04-15.09.59:293][  0]LogConfig: Setting CVar [[r.SeparateTranslucency:0]]
[2020.03.04-15.09.59:293][  0]LogConfig: Setting CVar [[r.TranslucentSortPolicy:0]]
[2020.03.04-15.09.59:293][  0]LogConfig: Setting CVar [[r.CustomDepth:1]]
[2020.03.04-15.09.59:293][  0]LogConfig: Setting CVar [[r.CustomDepthTemporalAAJitter:1]]
[2020.03.04-15.09.59:293][  0]LogConfig: Setting CVar [[r.PostProcessing.PropagateAlpha:0]]
[2020.03.04-15.09.59:293][  0]LogConfig: Setting CVar [[r.DefaultFeature.Bloom:0]]
[2020.03.04-15.09.59:293][  0]LogConfig: Setting CVar [[r.DefaultFeature.AmbientOcclusion:0]]
[2020.03.04-15.09.59:294][  0]LogConfig: Setting CVar [[r.DefaultFeature.AmbientOcclusionStaticFraction:1]]
[2020.03.04-15.09.59:294][  0]LogConfig: Setting CVar [[r.DefaultFeature.AutoExposure:0]]
[2020.03.04-15.09.59:294][  0]LogConfig: Setting CVar [[r.DefaultFeature.AutoExposure.Method:0]]
[2020.03.04-15.09.59:294][  0]LogConfig: Setting CVar [[r.DefaultFeature.AutoExposure.ExtendDefaultLuminanceRange:0]]
[2020.03.04-15.09.59:294][  0]LogConfig: Setting CVar [[r.UsePreExposure:1]]
[2020.03.04-15.09.59:294][  0]LogConfig: Setting CVar [[r.EyeAdaptation.EditorOnly:1]]
[2020.03.04-15.09.59:294][  0]LogConfig: Setting CVar [[r.DefaultFeature.MotionBlur:0]]
[2020.03.04-15.09.59:294][  0]LogConfig: Setting CVar [[r.DefaultFeature.LensFlare:0]]
[2020.03.04-15.09.59:294][  0]LogConfig: Setting CVar [[r.TemporalAA.Upsampling:0]]
[2020.03.04-15.09.59:294][  0]LogConfig: Setting CVar [[r.SSGI.Enable:0]]
[2020.03.04-15.09.59:294][  0]LogConfig: Setting CVar [[r.DefaultFeature.AntiAliasing:0]]
[2020.03.04-15.09.59:294][  0]LogConfig: Setting CVar [[r.DefaultFeature.LightUnits:1]]
[2020.03.04-15.09.59:294][  0]LogConfig: Setting CVar [[r.DefaultBackBufferPixelFormat:4]]
[2020.03.04-15.09.59:294][  0]LogConfig: Setting CVar [[r.Shadow.UnbuiltPreviewInGame:1]]
[2020.03.04-15.09.59:294][  0]LogConfig: Setting CVar [[r.StencilForLODDither:0]]
[2020.03.04-15.09.59:294][  0]LogConfig: Setting CVar [[r.EarlyZPass:3]]
[2020.03.04-15.09.59:294][  0]LogConfig: Setting CVar [[r.EarlyZPassOnlyMaterialMasking:0]]
[2020.03.04-15.09.59:294][  0]LogConfig: Setting CVar [[r.DBuffer:1]]
[2020.03.04-15.09.59:294][  0]LogConfig: Setting CVar [[r.ClearSceneMethod:1]]
[2020.03.04-15.09.59:294][  0]LogConfig: Setting CVar [[r.BasePassOutputsVelocity:0]]
[2020.03.04-15.09.59:294][  0]LogConfig: Setting CVar [[r.SelectiveBasePassOutputs:0]]
[2020.03.04-15.09.59:294][  0]LogConfig: Setting CVar [[fx.GPUSimulationTextureSizeX:1024]]
[2020.03.04-15.09.59:294][  0]LogConfig: Setting CVar [[fx.GPUSimulationTextureSizeY:1024]]
[2020.03.04-15.09.59:294][  0]LogConfig: Setting CVar [[r.AllowGlobalClipPlane:0]]
[2020.03.04-15.09.59:294][  0]LogConfig: Setting CVar [[r.GBufferFormat:1]]
[2020.03.04-15.09.59:294][  0]LogConfig: Setting CVar [[r.MorphTarget.Mode:1]]
[2020.03.04-15.09.59:294][  0]LogConfig: Setting CVar [[vr.InstancedStereo:0]]
[2020.03.04-15.09.59:294][  0]LogConfig: Setting CVar [[vr.MultiView:0]]
[2020.03.04-15.09.59:294][  0]LogConfig: Setting CVar [[vr.MobileMultiView:0]]
[2020.03.04-15.09.59:294][  0]LogConfig: Setting CVar [[vr.MobileMultiView.Direct:0]]
[2020.03.04-15.09.59:294][  0]LogConfig: Setting CVar [[vr.RoundRobinOcclusion:0]]
[2020.03.04-15.09.59:294][  0]LogConfig: Setting CVar [[vr.ODSCapture:0]]
[2020.03.04-15.09.59:294][  0]LogConfig: Setting CVar [[r.WireframeCullThreshold:5.000000]]
[2020.03.04-15.09.59:294][  0]LogConfig: Setting CVar [[r.RayTracing:0]]
[2020.03.04-15.09.59:294][  0]LogConfig: Setting CVar [[r.RayTracing.UseTextureLod:0]]
[2020.03.04-15.09.59:294][  0]LogConfig: Setting CVar [[r.SupportStationarySkylight:0]]
[2020.03.04-15.09.59:294][  0]LogConfig: Setting CVar [[r.SupportLowQualityLightmaps:1]]
[2020.03.04-15.09.59:294][  0]LogConfig: Setting CVar [[r.SupportPointLightWholeSceneShadows:0]]
[2020.03.04-15.09.59:294][  0]LogConfig: Setting CVar [[r.SupportAtmosphericFog:0]]
[2020.03.04-15.09.59:294][  0]LogConfig: Setting CVar [[r.SupportSkyAtmosphere:0]]
[2020.03.04-15.09.59:294][  0]LogConfig: Setting CVar [[r.SupportSkyAtmosphereAffectsHeightFog:0]]
[2020.03.04-15.09.59:294][  0]LogConfig: Setting CVar [[r.SkinCache.CompileShaders:0]]
[2020.03.04-15.09.59:294][  0]LogConfig: Setting CVar [[r.Mobile.EnableStaticAndCSMShadowReceivers:0]]
[2020.03.04-15.09.59:294][  0]LogConfig: Setting CVar [[r.Mobile.EnableMovableLightCSMShaderCulling:1]]
[2020.03.04-15.09.59:294][  0]LogConfig: Setting CVar [[r.Mobile.AllowDistanceFieldShadows:0]]
[2020.03.04-15.09.59:294][  0]LogConfig: Setting CVar [[r.Mobile.AllowMovableDirectionalLights:0]]
[2020.03.04-15.09.59:294][  0]LogConfig: Setting CVar [[r.MobileNumDynamicPointLights:0]]
[2020.03.04-15.09.59:294][  0]LogConfig: Setting CVar [[r.MobileDynamicPointLightsUseStaticBranch:1]]
[2020.03.04-15.09.59:294][  0]LogConfig: Setting CVar [[r.Mobile.EnableMovableSpotlights:0]]
[2020.03.04-15.09.59:294][  0]LogConfig: Setting CVar [[r.SkinCache.SceneMemoryLimitInMB:128.000000]]
[2020.03.04-15.09.59:294][  0]LogConfig: Setting CVar [[r.GPUSkin.Limit2BoneInfluences:0]]
[2020.03.04-15.09.59:294][  0]LogConfig: Setting CVar [[r.SupportDepthOnlyIndexBuffers:1]]
[2020.03.04-15.09.59:294][  0]LogConfig: Setting CVar [[r.SupportReversedIndexBuffers:1]]
[2020.03.04-15.09.59:294][  0]LogConfig: Setting CVar [[r.SupportMaterialLayers:0]]
[2020.03.04-15.09.59:294][  0]LogConfig: Setting CVar [[r.LightPropagationVolume:0]]
[2020.03.04-15.09.59:294][  0]LogConfig: Applying CVar settings from Section [/Script/Engine.RendererOverrideSettings] File [C:/Users/PC/Documents/Unreal Projects/AppTemplate/Saved/Config/Windows/Engine.ini]
[2020.03.04-15.09.59:294][  0]LogConfig: Applying CVar settings from Section [/Script/Engine.StreamingSettings] File [C:/Users/PC/Documents/Unreal Projects/AppTemplate/Saved/Config/Windows/Engine.ini]
[2020.03.04-15.09.59:294][  0]LogConfig: Setting CVar [[s.MinBulkDataSizeForAsyncLoading:131072]]
[2020.03.04-15.09.59:294][  0]LogConfig: Setting CVar [[s.AsyncLoadingThreadEnabled:0]]
[2020.03.04-15.09.59:294][  0]LogConfig: Setting CVar [[s.EventDrivenLoaderEnabled:1]]
[2020.03.04-15.09.59:294][  0]LogConfig: Setting CVar [[s.WarnIfTimeLimitExceeded:0]]
[2020.03.04-15.09.59:294][  0]LogConfig: Setting CVar [[s.TimeLimitExceededMultiplier:1.5]]
[2020.03.04-15.09.59:294][  0]LogConfig: Setting CVar [[s.TimeLimitExceededMinTime:0.005]]
[2020.03.04-15.09.59:294][  0]LogConfig: Setting CVar [[s.UseBackgroundLevelStreaming:1]]
[2020.03.04-15.09.59:294][  0]LogConfig: Setting CVar [[s.PriorityAsyncLoadingExtraTime:15.0]]
[2020.03.04-15.09.59:294][  0]LogConfig: Setting CVar [[s.LevelStreamingActorsUpdateTimeLimit:5.0]]
[2020.03.04-15.09.59:294][  0]LogConfig: Setting CVar [[s.PriorityLevelStreamingActorsUpdateExtraTime:5.0]]
[2020.03.04-15.09.59:294][  0]LogConfig: Setting CVar [[s.LevelStreamingComponentsRegistrationGranularity:10]]
[2020.03.04-15.09.59:294][  0]LogConfig: Setting CVar [[s.UnregisterComponentsTimeLimit:1.0]]
[2020.03.04-15.09.59:294][  0]LogConfig: Setting CVar [[s.LevelStreamingComponentsUnregistrationGranularity:5]]
[2020.03.04-15.09.59:294][  0]LogConfig: Setting CVar [[s.FlushStreamingOnExit:1]]
[2020.03.04-15.09.59:294][  0]LogConfig: Applying CVar settings from Section [/Script/Engine.GarbageCollectionSettings] File [C:/Users/PC/Documents/Unreal Projects/AppTemplate/Saved/Config/Windows/Engine.ini]
[2020.03.04-15.09.59:294][  0]LogConfig: Setting CVar [[gc.MaxObjectsNotConsideredByGC:1]]
[2020.03.04-15.09.59:294][  0]LogConfig: Setting CVar [[gc.SizeOfPermanentObjectPool:0]]
[2020.03.04-15.09.59:294][  0]LogConfig: Setting CVar [[gc.FlushStreamingOnGC:0]]
[2020.03.04-15.09.59:294][  0]LogConfig: Setting CVar [[gc.NumRetriesBeforeForcingGC:10]]
[2020.03.04-15.09.59:294][  0]LogConfig: Setting CVar [[gc.AllowParallelGC:1]]
[2020.03.04-15.09.59:294][  0]LogConfig: Setting CVar [[gc.TimeBetweenPurgingPendingKillObjects:61.1]]
[2020.03.04-15.09.59:294][  0]LogConfig: Setting CVar [[gc.MaxObjectsInEditor:25165824]]
[2020.03.04-15.09.59:294][  0]LogConfig: Setting CVar [[gc.IncrementalBeginDestroyEnabled:1]]
[2020.03.04-15.09.59:294][  0]LogConfig: Setting CVar [[gc.CreateGCClusters:1]]
[2020.03.04-15.09.59:294][  0]LogConfig: Setting CVar [[gc.MinGCClusterSize:5]]
[2020.03.04-15.09.59:294][  0]LogConfig: Setting CVar [[gc.ActorClusteringEnabled:0]]
[2020.03.04-15.09.59:294][  0]LogConfig: Setting CVar [[gc.BlueprintClusteringEnabled:0]]
[2020.03.04-15.09.59:294][  0]LogConfig: Setting CVar [[gc.UseDisregardForGCOnDedicatedServers:0]]
[2020.03.04-15.09.59:294][  0]LogConfig: Applying CVar settings from Section [/Script/Engine.NetworkSettings] File [C:/Users/PC/Documents/Unreal Projects/AppTemplate/Saved/Config/Windows/Engine.ini]
[2020.03.04-15.09.59:294][  0]LogConfig: Applying CVar settings from Section [/Script/UnrealEd.CookerSettings] File [C:/Users/PC/Documents/Unreal Projects/AppTemplate/Saved/Config/Windows/Engine.ini]
[2020.03.04-15.09.59:300][  0]LogConfig: Applying CVar settings from Section [ViewDistanceQuality@3] File [C:/Users/PC/Documents/Unreal Projects/AppTemplate/Saved/Config/Windows/Scalability.ini]
[2020.03.04-15.09.59:300][  0]LogConfig: Setting CVar [[r.SkeletalMeshLODBias:0]]
[2020.03.04-15.09.59:300][  0]LogConfig: Setting CVar [[r.ViewDistanceScale:1.0]]
[2020.03.04-15.09.59:300][  0]LogConfig: Applying CVar settings from Section [AntiAliasingQuality@3] File [C:/Users/PC/Documents/Unreal Projects/AppTemplate/Saved/Config/Windows/Scalability.ini]
[2020.03.04-15.09.59:300][  0]LogConfig: Setting CVar [[r.PostProcessAAQuality:4]]
[2020.03.04-15.09.59:300][  0]LogConfig: Applying CVar settings from Section [ShadowQuality@3] File [C:/Users/PC/Documents/Unreal Projects/AppTemplate/Saved/Config/Windows/Scalability.ini]
[2020.03.04-15.09.59:300][  0]LogConfig: Setting CVar [[r.LightFunctionQuality:1]]
[2020.03.04-15.09.59:300][  0]LogConfig: Setting CVar [[r.ShadowQuality:5]]
[2020.03.04-15.09.59:300][  0]LogConfig: Setting CVar [[r.Shadow.CSM.MaxCascades:10]]
[2020.03.04-15.09.59:300][  0]LogConfig: Setting CVar [[r.Shadow.MaxResolution:2048]]
[2020.03.04-15.09.59:300][  0]LogConfig: Setting CVar [[r.Shadow.MaxCSMResolution:2048]]
[2020.03.04-15.09.59:300][  0]LogConfig: Setting CVar [[r.Shadow.RadiusThreshold:0.01]]
[2020.03.04-15.09.59:300][  0]LogConfig: Setting CVar [[r.Shadow.DistanceScale:1.0]]
[2020.03.04-15.09.59:300][  0]LogConfig: Setting CVar [[r.Shadow.CSM.TransitionScale:1.0]]
[2020.03.04-15.09.59:300][  0]LogConfig: Setting CVar [[r.Shadow.PreShadowResolutionFactor:1.0]]
[2020.03.04-15.09.59:300][  0]LogConfig: Setting CVar [[r.DistanceFieldShadowing:1]]
[2020.03.04-15.09.59:300][  0]LogConfig: Setting CVar [[r.DistanceFieldAO:1]]
[2020.03.04-15.09.59:300][  0]LogConfig: Setting CVar [[r.AOQuality:2]]
[2020.03.04-15.09.59:300][  0]LogConfig: Setting CVar [[r.VolumetricFog:1]]
[2020.03.04-15.09.59:300][  0]LogConfig: Setting CVar [[r.VolumetricFog.GridPixelSize:8]]
[2020.03.04-15.09.59:300][  0]LogConfig: Setting CVar [[r.VolumetricFog.GridSizeZ:128]]
[2020.03.04-15.09.59:300][  0]LogConfig: Setting CVar [[r.VolumetricFog.HistoryMissSupersampleCount:4]]
[2020.03.04-15.09.59:300][  0]LogConfig: Setting CVar [[r.LightMaxDrawDistanceScale:1]]
[2020.03.04-15.09.59:300][  0]LogConfig: Setting CVar [[r.CapsuleShadows:1]]
[2020.03.04-15.09.59:300][  0]LogConfig: Applying CVar settings from Section [PostProcessQuality@3] File [C:/Users/PC/Documents/Unreal Projects/AppTemplate/Saved/Config/Windows/Scalability.ini]
[2020.03.04-15.09.59:300][  0]LogConfig: Setting CVar [[r.MotionBlurQuality:4]]
[2020.03.04-15.09.59:300][  0]LogConfig: Setting CVar [[r.AmbientOcclusionMipLevelFactor:0.4]]
[2020.03.04-15.09.59:300][  0]LogConfig: Setting CVar [[r.AmbientOcclusionMaxQuality:100]]
[2020.03.04-15.09.59:300][  0]LogConfig: Setting CVar [[r.AmbientOcclusionLevels:-1]]
[2020.03.04-15.09.59:300][  0]LogConfig: Setting CVar [[r.AmbientOcclusionRadiusScale:1.0]]
[2020.03.04-15.09.59:300][  0]LogConfig: Setting CVar [[r.DepthOfFieldQuality:2]]
[2020.03.04-15.09.59:300][  0]LogConfig: Setting CVar [[r.RenderTargetPoolMin:400]]
[2020.03.04-15.09.59:300][  0]LogConfig: Setting CVar [[r.LensFlareQuality:2]]
[2020.03.04-15.09.59:300][  0]LogConfig: Setting CVar [[r.SceneColorFringeQuality:1]]
[2020.03.04-15.09.59:300][  0]LogConfig: Setting CVar [[r.EyeAdaptationQuality:2]]
[2020.03.04-15.09.59:300][  0]LogConfig: Setting CVar [[r.BloomQuality:5]]
[2020.03.04-15.09.59:300][  0]LogConfig: Setting CVar [[r.FastBlurThreshold:100]]
[2020.03.04-15.09.59:300][  0]LogConfig: Setting CVar [[r.Upscale.Quality:3]]
[2020.03.04-15.09.59:300][  0]LogConfig: Setting CVar [[r.Tonemapper.GrainQuantization:1]]
[2020.03.04-15.09.59:300][  0]LogConfig: Setting CVar [[r.LightShaftQuality:1]]
[2020.03.04-15.09.59:300][  0]LogConfig: Setting CVar [[r.Filter.SizeScale:1]]
[2020.03.04-15.09.59:300][  0]LogConfig: Setting CVar [[r.Tonemapper.Quality:5]]
[2020.03.04-15.09.59:300][  0]LogConfig: Setting CVar [[r.DOF.Gather.AccumulatorQuality:1        ; higher gathering accumulator quality]]
[2020.03.04-15.09.59:300][  0]LogConfig: Setting CVar [[r.DOF.Gather.PostfilterMethod:1          ; Median3x3 postfilering method]]
[2020.03.04-15.09.59:300][  0]LogConfig: Setting CVar [[r.DOF.Gather.EnableBokehSettings:0       ; no bokeh simulation when gathering]]
[2020.03.04-15.09.59:300][  0]LogConfig: Setting CVar [[r.DOF.Gather.RingCount:4                 ; medium number of samples when gathering]]
[2020.03.04-15.09.59:300][  0]LogConfig: Setting CVar [[r.DOF.Scatter.ForegroundCompositing:1    ; additive foreground scattering]]
[2020.03.04-15.09.59:300][  0]LogConfig: Setting CVar [[r.DOF.Scatter.BackgroundCompositing:2    ; additive background scattering]]
[2020.03.04-15.09.59:300][  0]LogConfig: Setting CVar [[r.DOF.Scatter.EnableBokehSettings:1      ; bokeh simulation when scattering]]
[2020.03.04-15.09.59:300][  0]LogConfig: Setting CVar [[r.DOF.Scatter.MaxSpriteRatio:0.1         ; only a maximum of 10% of scattered bokeh]]
[2020.03.04-15.09.59:300][  0]LogConfig: Setting CVar [[r.DOF.Recombine.Quality:1                ; cheap slight out of focus]]
[2020.03.04-15.09.59:300][  0]LogConfig: Setting CVar [[r.DOF.Recombine.EnableBokehSettings:0    ; no bokeh simulation on slight out of focus]]
[2020.03.04-15.09.59:300][  0]LogConfig: Setting CVar [[r.DOF.TemporalAAQuality:1                ; more stable temporal accumulation]]
[2020.03.04-15.09.59:300][  0]LogConfig: Setting CVar [[r.DOF.Kernel.MaxForegroundRadius:0.025]]
[2020.03.04-15.09.59:300][  0]LogConfig: Setting CVar [[r.DOF.Kernel.MaxBackgroundRadius:0.025]]
[2020.03.04-15.09.59:300][  0]LogConfig: Applying CVar settings from Section [TextureQuality@3] File [C:/Users/PC/Documents/Unreal Projects/AppTemplate/Saved/Config/Windows/Scalability.ini]
[2020.03.04-15.09.59:300][  0]LogConfig: Setting CVar [[r.Streaming.MipBias:0]]
[2020.03.04-15.09.59:300][  0]LogConfig: Setting CVar [[r.Streaming.AmortizeCPUToGPUCopy:0]]
[2020.03.04-15.09.59:300][  0]LogConfig: Setting CVar [[r.Streaming.MaxNumTexturesToStreamPerFrame:0]]
[2020.03.04-15.09.59:300][  0]LogConfig: Setting CVar [[r.Streaming.Boost:1]]
[2020.03.04-15.09.59:300][  0]LogConfig: Setting CVar [[r.MaxAnisotropy:8]]
[2020.03.04-15.09.59:301][  0]LogConfig: Setting CVar [[r.VT.MaxAnisotropy:8]]
[2020.03.04-15.09.59:301][  0]LogConfig: Setting CVar [[r.Streaming.LimitPoolSizeToVRAM:0]]
[2020.03.04-15.09.59:301][  0]LogConfig: Setting CVar [[r.Streaming.PoolSize:1000]]
[2020.03.04-15.09.59:301][  0]LogConfig: Setting CVar [[r.Streaming.MaxEffectiveScreenSize:0]]
[2020.03.04-15.09.59:301][  0]LogConfig: Applying CVar settings from Section [EffectsQuality@3] File [C:/Users/PC/Documents/Unreal Projects/AppTemplate/Saved/Config/Windows/Scalability.ini]
[2020.03.04-15.09.59:301][  0]LogConfig: Setting CVar [[r.TranslucencyLightingVolumeDim:64]]
[2020.03.04-15.09.59:301][  0]LogConfig: Setting CVar [[r.RefractionQuality:2]]
[2020.03.04-15.09.59:301][  0]LogConfig: Setting CVar [[r.SSR.Quality:3]]
[2020.03.04-15.09.59:301][  0]LogConfig: Setting CVar [[r.SSR.HalfResSceneColor:0]]
[2020.03.04-15.09.59:301][  0]LogConfig: Setting CVar [[r.SceneColorFormat:4]]
[2020.03.04-15.09.59:301][  0]LogConfig: Setting CVar [[r.DetailMode:2]]
[2020.03.04-15.09.59:301][  0]LogConfig: Setting CVar [[r.TranslucencyVolumeBlur:1]]
[2020.03.04-15.09.59:301][  0]LogConfig: Setting CVar [[r.MaterialQualityLevel:1 ; High quality]]
[2020.03.04-15.09.59:301][  0]LogConfig: Setting CVar [[r.SSS.Scale:1]]
[2020.03.04-15.09.59:301][  0]LogConfig: Setting CVar [[r.SSS.SampleSet:2]]
[2020.03.04-15.09.59:301][  0]LogConfig: Setting CVar [[r.SSS.Quality:1]]
[2020.03.04-15.09.59:301][  0]LogConfig: Setting CVar [[r.SSS.HalfRes:1]]
[2020.03.04-15.09.59:301][  0]LogConfig: Setting CVar [[r.SSGI.Quality:3]]
[2020.03.04-15.09.59:301][  0]LogConfig: Setting CVar [[r.EmitterSpawnRateScale:1.0]]
[2020.03.04-15.09.59:301][  0]LogConfig: Setting CVar [[r.ParticleLightQuality:2]]
[2020.03.04-15.09.59:301][  0]LogConfig: Setting CVar [[r.SkyAtmosphere.AerialPerspectiveLUT.FastApplyOnOpaque:1 ; Always have FastSkyLUT 1 in this case to avoid wrong sky]]
[2020.03.04-15.09.59:301][  0]LogConfig: Setting CVar [[r.SkyAtmosphere.AerialPerspectiveLUT.SampleCountPerSlice:1]]
[2020.03.04-15.09.59:301][  0]LogConfig: Setting CVar [[r.SkyAtmosphere.AerialPerspectiveLUT.DepthResolution:16.0]]
[2020.03.04-15.09.59:301][  0]LogConfig: Setting CVar [[r.SkyAtmosphere.FastSkyLUT:1]]
[2020.03.04-15.09.59:301][  0]LogConfig: Setting CVar [[r.SkyAtmosphere.FastSkyLUT.SampleCountMin:4.0]]
[2020.03.04-15.09.59:301][  0]LogConfig: Setting CVar [[r.SkyAtmosphere.FastSkyLUT.SampleCountMax:32.0]]
[2020.03.04-15.09.59:301][  0]LogConfig: Setting CVar [[r.SkyAtmosphere.SampleCountMin:4.0]]
[2020.03.04-15.09.59:301][  0]LogConfig: Setting CVar [[r.SkyAtmosphere.SampleCountMax:32.0]]
[2020.03.04-15.09.59:301][  0]LogConfig: Setting CVar [[r.SkyAtmosphere.TransmittanceLUT.UseSmallFormat:0]]
[2020.03.04-15.09.59:301][  0]LogConfig: Setting CVar [[r.SkyAtmosphere.TransmittanceLUT.SampleCount:10.0]]
[2020.03.04-15.09.59:301][  0]LogConfig: Setting CVar [[r.SkyAtmosphere.MultiScatteringLUT.SampleCount:15.0]]
[2020.03.04-15.09.59:301][  0]LogConfig: Applying CVar settings from Section [FoliageQuality@3] File [C:/Users/PC/Documents/Unreal Projects/AppTemplate/Saved/Config/Windows/Scalability.ini]
[2020.03.04-15.09.59:301][  0]LogConfig: Setting CVar [[foliage.DensityScale:1.0]]
[2020.03.04-15.09.59:301][  0]LogConfig: Setting CVar [[grass.DensityScale:1.0]]
[2020.03.04-15.09.59:301][  0]LogConfig: Applying CVar settings from Section [ShadingQuality@3] File [C:/Users/PC/Documents/Unreal Projects/AppTemplate/Saved/Config/Windows/Scalability.ini]
[2020.03.04-15.09.59:301][  0]LogConfig: Setting CVar [[r.HairStrands.SkyLighting.SampleCount:16]]
[2020.03.04-15.09.59:301][  0]LogConfig: Setting CVar [[r.HairStrands.SkyLighting.JitterIntegration:0]]
[2020.03.04-15.09.59:301][  0]LogConfig: Setting CVar [[r.HairStrands.SkyAO.SampleCount:16]]
[2020.03.04-15.09.59:301][  0]LogInit: Selected Device Profile: [Windows]
[2020.03.04-15.09.59:301][  0]LogInit: Applying CVar settings loaded from the selected device profile: [Windows]
[2020.03.04-15.09.59:303][  0]LogHAL: Display: Platform has ~ 16 GB [17115664384 / 17179869184 / 16], which maps to Larger [LargestMinGB=32, LargerMinGB=12, DefaultMinGB=8, SmallerMinGB=6, SmallestMinGB=0)
[2020.03.04-15.09.59:303][  0]LogInit: Going up to parent DeviceProfile []
[2020.03.04-15.09.59:303][  0]LogConfig: Applying CVar settings from Section [ViewDistanceQuality@2] File [C:/Users/PC/Documents/Unreal Projects/AppTemplate/Saved/Config/Windows/Scalability.ini]
[2020.03.04-15.09.59:303][  0]LogConfig: Setting CVar [[r.SkeletalMeshLODBias:0]]
[2020.03.04-15.09.59:303][  0]LogConfig: Setting CVar [[r.ViewDistanceScale:0.8]]
[2020.03.04-15.09.59:303][  0]LogConfig: Applying CVar settings from Section [AntiAliasingQuality@2] File [C:/Users/PC/Documents/Unreal Projects/AppTemplate/Saved/Config/Windows/Scalability.ini]
[2020.03.04-15.09.59:303][  0]LogConfig: Setting CVar [[r.PostProcessAAQuality:3]]
[2020.03.04-15.09.59:303][  0]LogConfig: Applying CVar settings from Section [ShadowQuality@2] File [C:/Users/PC/Documents/Unreal Projects/AppTemplate/Saved/Config/Windows/Scalability.ini]
[2020.03.04-15.09.59:303][  0]LogConfig: Setting CVar [[r.LightFunctionQuality:1]]
[2020.03.04-15.09.59:303][  0]LogConfig: Setting CVar [[r.ShadowQuality:5]]
[2020.03.04-15.09.59:303][  0]LogConfig: Setting CVar [[r.Shadow.CSM.MaxCascades:4]]
[2020.03.04-15.09.59:303][  0]LogConfig: Setting CVar [[r.Shadow.MaxResolution:1024]]
[2020.03.04-15.09.59:303][  0]LogConfig: Setting CVar [[r.Shadow.MaxCSMResolution:2048]]
[2020.03.04-15.09.59:303][  0]LogConfig: Setting CVar [[r.Shadow.RadiusThreshold:0.04]]
[2020.03.04-15.09.59:303][  0]LogConfig: Setting CVar [[r.Shadow.DistanceScale:0.85]]
[2020.03.04-15.09.59:303][  0]LogConfig: Setting CVar [[r.Shadow.CSM.TransitionScale:0.8]]
[2020.03.04-15.09.59:303][  0]LogConfig: Setting CVar [[r.Shadow.PreShadowResolutionFactor:0.5]]
[2020.03.04-15.09.59:303][  0]LogConfig: Setting CVar [[r.DistanceFieldShadowing:1]]
[2020.03.04-15.09.59:303][  0]LogConfig: Setting CVar [[r.DistanceFieldAO:1]]
[2020.03.04-15.09.59:303][  0]LogConfig: Setting CVar [[r.AOQuality:1]]
[2020.03.04-15.09.59:303][  0]LogConfig: Setting CVar [[r.VolumetricFog:1]]
[2020.03.04-15.09.59:303][  0]LogConfig: Setting CVar [[r.VolumetricFog.GridPixelSize:16]]
[2020.03.04-15.09.59:303][  0]LogConfig: Setting CVar [[r.VolumetricFog.GridSizeZ:64]]
[2020.03.04-15.09.59:303][  0]LogConfig: Setting CVar [[r.VolumetricFog.HistoryMissSupersampleCount:4]]
[2020.03.04-15.09.59:303][  0]LogConfig: Setting CVar [[r.LightMaxDrawDistanceScale:1]]
[2020.03.04-15.09.59:303][  0]LogConfig: Setting CVar [[r.CapsuleShadows:1]]
[2020.03.04-15.09.59:303][  0]LogConfig: Applying CVar settings from Section [PostProcessQuality@2] File [C:/Users/PC/Documents/Unreal Projects/AppTemplate/Saved/Config/Windows/Scalability.ini]
[2020.03.04-15.09.59:303][  0]LogConfig: Setting CVar [[r.MotionBlurQuality:3]]
[2020.03.04-15.09.59:303][  0]LogConfig: Setting CVar [[r.AmbientOcclusionMipLevelFactor:0.6]]
[2020.03.04-15.09.59:303][  0]LogConfig: Setting CVar [[r.AmbientOcclusionMaxQuality:100]]
[2020.03.04-15.09.59:303][  0]LogConfig: Setting CVar [[r.AmbientOcclusionLevels:-1]]
[2020.03.04-15.09.59:304][  0]LogConfig: Setting CVar [[r.AmbientOcclusionRadiusScale:1.5]]
[2020.03.04-15.09.59:304][  0]LogConfig: Setting CVar [[r.DepthOfFieldQuality:2]]
[2020.03.04-15.09.59:304][  0]LogConfig: Setting CVar [[r.RenderTargetPoolMin:400]]
[2020.03.04-15.09.59:304][  0]LogConfig: Setting CVar [[r.LensFlareQuality:2]]
[2020.03.04-15.09.59:304][  0]LogConfig: Setting CVar [[r.SceneColorFringeQuality:1]]
[2020.03.04-15.09.59:304][  0]LogConfig: Setting CVar [[r.EyeAdaptationQuality:2]]
[2020.03.04-15.09.59:304][  0]LogConfig: Setting CVar [[r.BloomQuality:5]]
[2020.03.04-15.09.59:304][  0]LogConfig: Setting CVar [[r.FastBlurThreshold:3]]
[2020.03.04-15.09.59:304][  0]LogConfig: Setting CVar [[r.Upscale.Quality:2]]
[2020.03.04-15.09.59:304][  0]LogConfig: Setting CVar [[r.Tonemapper.GrainQuantization:1]]
[2020.03.04-15.09.59:304][  0]LogConfig: Setting CVar [[r.LightShaftQuality:1]]
[2020.03.04-15.09.59:304][  0]LogConfig: Setting CVar [[r.Filter.SizeScale:0.8]]
[2020.03.04-15.09.59:304][  0]LogConfig: Setting CVar [[r.Tonemapper.Quality:5]]
[2020.03.04-15.09.59:304][  0]LogConfig: Setting CVar [[r.DOF.Gather.AccumulatorQuality:0        ; lower gathering accumulator quality]]
[2020.03.04-15.09.59:304][  0]LogConfig: Setting CVar [[r.DOF.Gather.PostfilterMethod:2          ; Max3x3 postfilering method]]
[2020.03.04-15.09.59:304][  0]LogConfig: Setting CVar [[r.DOF.Gather.EnableBokehSettings:0       ; no bokeh simulation when gathering]]
[2020.03.04-15.09.59:304][  0]LogConfig: Setting CVar [[r.DOF.Gather.RingCount:4                 ; medium number of samples when gathering]]
[2020.03.04-15.09.59:304][  0]LogConfig: Setting CVar [[r.DOF.Scatter.ForegroundCompositing:1    ; additive foreground scattering]]
[2020.03.04-15.09.59:304][  0]LogConfig: Setting CVar [[r.DOF.Scatter.BackgroundCompositing:1    ; no background occlusion]]
[2020.03.04-15.09.59:304][  0]LogConfig: Setting CVar [[r.DOF.Scatter.EnableBokehSettings:0      ; no bokeh simulation when scattering]]
[2020.03.04-15.09.59:304][  0]LogConfig: Setting CVar [[r.DOF.Scatter.MaxSpriteRatio:0.04        ; only a maximum of 4% of scattered bokeh]]
[2020.03.04-15.09.59:304][  0]LogConfig: Setting CVar [[r.DOF.Recombine.Quality:0                ; no slight out of focus]]
[2020.03.04-15.09.59:304][  0]LogConfig: Setting CVar [[r.DOF.TemporalAAQuality:0                ; faster temporal accumulation]]
[2020.03.04-15.09.59:304][  0]LogConfig: Setting CVar [[r.DOF.Kernel.MaxForegroundRadius:0.012   ; required because of AccumulatorQuality=0]]
[2020.03.04-15.09.59:304][  0]LogConfig: Setting CVar [[r.DOF.Kernel.MaxBackgroundRadius:0.012   ; required because of AccumulatorQuality=0]]
[2020.03.04-15.09.59:304][  0]LogConfig: Applying CVar settings from Section [TextureQuality@0] File [C:/Users/PC/Documents/Unreal Projects/AppTemplate/Saved/Config/Windows/Scalability.ini]
[2020.03.04-15.09.59:304][  0]LogConfig: Setting CVar [[r.Streaming.MipBias:16]]
[2020.03.04-15.09.59:304][  0]LogConfig: Setting CVar [[r.Streaming.AmortizeCPUToGPUCopy:1]]
[2020.03.04-15.09.59:304][  0]LogConfig: Setting CVar [[r.Streaming.MaxNumTexturesToStreamPerFrame:1]]
[2020.03.04-15.09.59:304][  0]LogConfig: Setting CVar [[r.Streaming.Boost:0.3]]
[2020.03.04-15.09.59:304][  0]LogConfig: Setting CVar [[r.MaxAnisotropy:0]]
[2020.03.04-15.09.59:304][  0]LogConfig: Setting CVar [[r.VT.MaxAnisotropy:4]]
[2020.03.04-15.09.59:304][  0]LogConfig: Setting CVar [[r.Streaming.LimitPoolSizeToVRAM:1]]
[2020.03.04-15.09.59:304][  0]LogConfig: Setting CVar [[r.Streaming.PoolSize:400]]
[2020.03.04-15.09.59:304][  0]LogConfig: Setting CVar [[r.Streaming.MaxEffectiveScreenSize:0]]
[2020.03.04-15.09.59:304][  0]LogConfig: Applying CVar settings from Section [EffectsQuality@2] File [C:/Users/PC/Documents/Unreal Projects/AppTemplate/Saved/Config/Windows/Scalability.ini]
[2020.03.04-15.09.59:304][  0]LogConfig: Setting CVar [[r.TranslucencyLightingVolumeDim:48]]
[2020.03.04-15.09.59:304][  0]LogConfig: Setting CVar [[r.RefractionQuality:2]]
[2020.03.04-15.09.59:304][  0]LogConfig: Setting CVar [[r.SSR.Quality:2]]
[2020.03.04-15.09.59:304][  0]LogConfig: Setting CVar [[r.SSR.HalfResSceneColor:1]]
[2020.03.04-15.09.59:304][  0]LogConfig: Setting CVar [[r.SceneColorFormat:3]]
[2020.03.04-15.09.59:304][  0]LogConfig: Setting CVar [[r.DetailMode:1]]
[2020.03.04-15.09.59:304][  0]LogConfig: Setting CVar [[r.TranslucencyVolumeBlur:1]]
[2020.03.04-15.09.59:304][  0]LogConfig: Setting CVar [[r.MaterialQualityLevel:1 ; High quality]]
[2020.03.04-15.09.59:304][  0]LogConfig: Setting CVar [[r.SSS.Scale:1]]
[2020.03.04-15.09.59:304][  0]LogConfig: Setting CVar [[r.SSS.SampleSet:1]]
[2020.03.04-15.09.59:304][  0]LogConfig: Setting CVar [[r.SSS.Quality:-1]]
[2020.03.04-15.09.59:304][  0]LogConfig: Setting CVar [[r.SSS.HalfRes:1]]
[2020.03.04-15.09.59:304][  0]LogConfig: Setting CVar [[r.SSGI.Quality:2]]
[2020.03.04-15.09.59:304][  0]LogConfig: Setting CVar [[r.EmitterSpawnRateScale:0.5]]
[2020.03.04-15.09.59:304][  0]LogConfig: Setting CVar [[r.ParticleLightQuality:1]]
[2020.03.04-15.09.59:304][  0]LogConfig: Setting CVar [[r.SkyAtmosphere.AerialPerspectiveLUT.FastApplyOnOpaque:1 ; Always have FastSkyLUT 1 in this case to avoid wrong sky]]
[2020.03.04-15.09.59:304][  0]LogConfig: Setting CVar [[r.SkyAtmosphere.AerialPerspectiveLUT.SampleCountPerSlice:1]]
[2020.03.04-15.09.59:304][  0]LogConfig: Setting CVar [[r.SkyAtmosphere.AerialPerspectiveLUT.DepthResolution:16.0]]
[2020.03.04-15.09.59:304][  0]LogConfig: Setting CVar [[r.SkyAtmosphere.FastSkyLUT:1]]
[2020.03.04-15.09.59:304][  0]LogConfig: Setting CVar [[r.SkyAtmosphere.FastSkyLUT.SampleCountMin:4.0]]
[2020.03.04-15.09.59:304][  0]LogConfig: Setting CVar [[r.SkyAtmosphere.FastSkyLUT.SampleCountMax:32.0]]
[2020.03.04-15.09.59:304][  0]LogConfig: Setting CVar [[r.SkyAtmosphere.SampleCountMin:4.0]]
[2020.03.04-15.09.59:304][  0]LogConfig: Setting CVar [[r.SkyAtmosphere.SampleCountMax:32.0]]
[2020.03.04-15.09.59:304][  0]LogConfig: Setting CVar [[r.SkyAtmosphere.TransmittanceLUT.UseSmallFormat:0]]
[2020.03.04-15.09.59:304][  0]LogConfig: Setting CVar [[r.SkyAtmosphere.TransmittanceLUT.SampleCount:10.0]]
[2020.03.04-15.09.59:304][  0]LogConfig: Setting CVar [[r.SkyAtmosphere.MultiScatteringLUT.SampleCount:15.0]]
[2020.03.04-15.09.59:304][  0]LogConfig: Applying CVar settings from Section [FoliageQuality@2] File [C:/Users/PC/Documents/Unreal Projects/AppTemplate/Saved/Config/Windows/Scalability.ini]
[2020.03.04-15.09.59:304][  0]LogConfig: Setting CVar [[foliage.DensityScale:0.8]]
[2020.03.04-15.09.59:304][  0]LogConfig: Setting CVar [[grass.DensityScale:0.8]]
[2020.03.04-15.09.59:304][  0]LogConfig: Applying CVar settings from Section [ShadingQuality@3] File [C:/Users/PC/Documents/Unreal Projects/AppTemplate/Saved/Config/Windows/Scalability.ini]
[2020.03.04-15.09.59:304][  0]LogConfig: Setting CVar [[r.HairStrands.SkyLighting.SampleCount:16]]
[2020.03.04-15.09.59:304][  0]LogConfig: Setting CVar [[r.HairStrands.SkyLighting.JitterIntegration:0]]
[2020.03.04-15.09.59:304][  0]LogConfig: Setting CVar [[r.HairStrands.SkyAO.SampleCount:16]]
[2020.03.04-15.09.59:304][  0]LogConfig: Applying CVar settings from Section [Startup] File [../../../Engine/Config/ConsoleVariables.ini]
[2020.03.04-15.09.59:304][  0]LogConfig: Setting CVar [[net.UseAdaptiveNetUpdateFrequency:0]]
[2020.03.04-15.09.59:304][  0]LogConfig: Setting CVar [[p.chaos.AllowCreatePhysxBodies:1]]
[2020.03.04-15.09.59:304][  0]LogConfig: Applying CVar settings from Section [ConsoleVariables] File [C:/Users/PC/Documents/Unreal Projects/AppTemplate/Saved/Config/Windows/Engine.ini]
[2020.03.04-15.09.59:305][  0]LogInit: Computer: DESKTOP-UIH444N
[2020.03.04-15.09.59:305][  0]LogInit: User: PC
[2020.03.04-15.09.59:305][  0]LogInit: CPU Page size=4096, Cores=4
[2020.03.04-15.09.59:305][  0]LogInit: High frequency timer resolution =10.000000 MHz
[2020.03.04-15.09.59:305][  0]LogMemory: Memory total: Physical=15.9GB (16GB approx)
[2020.03.04-15.09.59:305][  0]LogMemory: Platform Memory Stats for Windows
[2020.03.04-15.09.59:305][  0]LogMemory: Process Physical Memory: 102.48 MB used, 102.49 MB peak
[2020.03.04-15.09.59:305][  0]LogMemory: Process Virtual Memory: 99.93 MB used, 99.93 MB peak
[2020.03.04-15.09.59:305][  0]LogMemory: Physical Memory: 5670.14 MB used,  10652.63 MB free, 16322.77 MB total
[2020.03.04-15.09.59:305][  0]LogMemory: Virtual Memory: 5126.68 MB used,  134212600.00 MB free, 134217728.00 MB total
[2020.03.04-15.09.59:344][  0]LogWindows: WindowsPlatformFeatures enabled
[2020.03.04-15.09.59:356][  0]LogInit: Using OS detected language (en-US).
[2020.03.04-15.09.59:356][  0]LogInit: Using OS detected locale (ru-RU).
[2020.03.04-15.09.59:357][  0]LogTextLocalizationManager: No specific localization for 'en-US' exists, so the 'en' localization will be used.
[2020.03.04-15.09.59:505][  0]LogInit: Setting process to per monitor DPI aware
[2020.03.04-15.09.59:534][  0]LogSlate: New Slate User Created.  User Index 0, Is Virtual User: 0
[2020.03.04-15.09.59:534][  0]LogSlate: Slate User Registered.  User Index 0, Is Virtual User: 0
[2020.03.04-15.09.59:641][  0]LogD3D11RHI: D3D11 min allowed feature level: 11_0
[2020.03.04-15.09.59:641][  0]LogD3D11RHI: D3D11 max allowed feature level: 11_0
[2020.03.04-15.09.59:641][  0]LogD3D11RHI: D3D11 adapters:
[2020.03.04-15.09.59:662][  0]LogD3D11RHI:    0. 'AMD Radeon (TM) R7 360 Series' (Feature Level 11_0)
[2020.03.04-15.09.59:663][  0]LogD3D11RHI:       2024/0/8161 MB DedicatedVideo/DedicatedSystem/SharedSystem, Outputs:2, VendorId:0x1002
[2020.03.04-15.09.59:665][  0]LogD3D11RHI:    1. 'Microsoft Basic Render Driver' (Feature Level 11_0)
[2020.03.04-15.09.59:665][  0]LogD3D11RHI:       0/0/8161 MB DedicatedVideo/DedicatedSystem/SharedSystem, Outputs:0, VendorId:0x1414
[2020.03.04-15.09.59:665][  0]LogD3D11RHI: Chosen D3D11 Adapter: 0
[2020.03.04-15.09.59:670][  0]LogD3D11RHI: Creating new Direct3DDevice
[2020.03.04-15.09.59:670][  0]LogD3D11RHI:     GPU DeviceId: 0x665f (for the marketing name, search the web for "GPU Device Id")
[2020.03.04-15.09.59:670][  0]LogWindows: EnumDisplayDevices:
[2020.03.04-15.09.59:671][  0]LogWindows:    0. 'AMD Radeon (TM) R7 360 Series' (P:1 D:1)
[2020.03.04-15.09.59:671][  0]LogWindows:    1. 'AMD Radeon (TM) R7 360 Series' (P:0 D:1)
[2020.03.04-15.09.59:671][  0]LogWindows:    2. 'AMD Radeon (TM) R7 360 Series' (P:0 D:0)
[2020.03.04-15.09.59:672][  0]LogWindows:    3. 'AMD Radeon (TM) R7 360 Series' (P:0 D:0)
[2020.03.04-15.09.59:672][  0]LogWindows:    4. 'AMD Radeon (TM) R7 360 Series' (P:0 D:0)
[2020.03.04-15.09.59:673][  0]LogWindows:    5. 'AMD Radeon (TM) R7 360 Series' (P:0 D:0)
[2020.03.04-15.09.59:673][  0]LogWindows:    6. 'AMD Radeon (TM) R7 360 Series' (P:0 D:0)
[2020.03.04-15.09.59:674][  0]LogWindows:    7. 'AMD Radeon (TM) R7 360 Series' (P:0 D:0)
[2020.03.04-15.09.59:674][  0]LogWindows: DebugString: FoundDriverCount:8 
[2020.03.04-15.09.59:674][  0]LogD3D11RHI:     Adapter Name: AMD Radeon (TM) R7 360 Series
[2020.03.04-15.09.59:674][  0]LogD3D11RHI:   Driver Version: Adrenalin 2020 20.1.3 (internal:26.20.15015.1007, unified:26.20.15015.1007)
[2020.03.04-15.09.59:674][  0]LogD3D11RHI:      Driver Date: 1-17-2020
[2020.03.04-15.09.59:674][  0]LogRHI: Texture pool is 1416 MB (70% of 2024 MB)
[2020.03.04-15.09.59:717][  0]LogD3D11RHI: RHI does not have support for 64 bit atomics
[2020.03.04-15.09.59:718][  0]LogD3D11RHI: Async texture creation enabled
[2020.03.04-15.09.59:729][  0]LogD3D11RHI: GPU Timing Frequency: 27.000000 (Debug: 2 1)
[2020.03.04-15.10.00:025][  0]LogTargetPlatformManager: Display: Loaded TargetPlatform 'AllDesktop'
[2020.03.04-15.10.00:065][  0]LogTargetPlatformManager: Display: Loaded TargetPlatform 'Android'
[2020.03.04-15.10.00:065][  0]LogTargetPlatformManager: Display: Loaded TargetPlatform 'Android_ASTC'
[2020.03.04-15.10.00:065][  0]LogTargetPlatformManager: Display: Loaded TargetPlatform 'Android_ATC'
[2020.03.04-15.10.00:065][  0]LogTargetPlatformManager: Display: Loaded TargetPlatform 'Android_DXT'
[2020.03.04-15.10.00:065][  0]LogTargetPlatformManager: Display: Loaded TargetPlatform 'Android_ETC1'
[2020.03.04-15.10.00:065][  0]LogTargetPlatformManager: Display: Loaded TargetPlatform 'Android_ETC1a'
[2020.03.04-15.10.00:065][  0]LogTargetPlatformManager: Display: Loaded TargetPlatform 'Android_ETC2'
[2020.03.04-15.10.00:065][  0]LogTargetPlatformManager: Display: Loaded TargetPlatform 'Android_PVRTC'
[2020.03.04-15.10.00:065][  0]LogTargetPlatformManager: Display: Loaded TargetPlatform 'AndroidClient'
[2020.03.04-15.10.00:065][  0]LogTargetPlatformManager: Display: Loaded TargetPlatform 'Android_ASTCClient'
[2020.03.04-15.10.00:065][  0]LogTargetPlatformManager: Display: Loaded TargetPlatform 'Android_ATCClient'
[2020.03.04-15.10.00:065][  0]LogTargetPlatformManager: Display: Loaded TargetPlatform 'Android_DXTClient'
[2020.03.04-15.10.00:065][  0]LogTargetPlatformManager: Display: Loaded TargetPlatform 'Android_ETC1Client'
[2020.03.04-15.10.00:065][  0]LogTargetPlatformManager: Display: Loaded TargetPlatform 'Android_ETC1aClient'
[2020.03.04-15.10.00:065][  0]LogTargetPlatformManager: Display: Loaded TargetPlatform 'Android_ETC2Client'
[2020.03.04-15.10.00:065][  0]LogTargetPlatformManager: Display: Loaded TargetPlatform 'Android_PVRTCClient'
[2020.03.04-15.10.00:065][  0]LogTargetPlatformManager: Display: Loaded TargetPlatform 'Android_Multi'
[2020.03.04-15.10.00:065][  0]LogTargetPlatformManager: Display: Loaded TargetPlatform 'Android_MultiClient'
[2020.03.04-15.10.00:083][  0]LogTargetPlatformManager: Display: Loaded TargetPlatform 'IOSClient'
[2020.03.04-15.10.00:083][  0]LogTargetPlatformManager: Display: Loaded TargetPlatform 'IOS'
[2020.03.04-15.10.00:091][  0]LogTargetPlatformManager: Display: Loaded TargetPlatform 'LinuxNoEditor'
[2020.03.04-15.10.00:099][  0]LogTargetPlatformManager: Display: Loaded TargetPlatform 'LinuxClient'
[2020.03.04-15.10.00:106][  0]LogTargetPlatformManager: Display: Loaded TargetPlatform 'LinuxServer'
[2020.03.04-15.10.00:113][  0]LogTargetPlatformManager: Display: Loaded TargetPlatform 'LinuxAArch64NoEditor'
[2020.03.04-15.10.00:120][  0]LogTargetPlatformManager: Display: Loaded TargetPlatform 'LinuxAArch64Client'
[2020.03.04-15.10.00:127][  0]LogTargetPlatformManager: Display: Loaded TargetPlatform 'LinuxAArch64Server'
[2020.03.04-15.10.00:152][  0]LogTargetPlatformManager: Display: Loaded TargetPlatform 'Lumin'
[2020.03.04-15.10.00:152][  0]LogTargetPlatformManager: Display: Loaded TargetPlatform 'LuminClient'
[2020.03.04-15.10.00:166][  0]LogTargetPlatformManager: Display: Loaded TargetPlatform 'TVOSClient'
[2020.03.04-15.10.00:166][  0]LogTargetPlatformManager: Display: Loaded TargetPlatform 'TVOS'
[2020.03.04-15.10.00:173][  0]LogTargetPlatformManager: Display: Loaded TargetPlatform 'WindowsNoEditor'
[2020.03.04-15.10.00:180][  0]LogTargetPlatformManager: Display: Loaded TargetPlatform 'Windows'
[2020.03.04-15.10.00:186][  0]LogTargetPlatformManager: Display: Loaded TargetPlatform 'WindowsClient'
[2020.03.04-15.10.00:193][  0]LogTargetPlatformManager: Display: Loaded TargetPlatform 'WindowsServer'
[2020.03.04-15.10.00:193][  0]LogTargetPlatformManager: Display: Building Assets For Windows
[2020.03.04-15.10.00:195][  0]LogAudioDebug: Display: Lib vorbis DLL was dynamically loaded.
[2020.03.04-15.10.00:212][  0]LogShaderCompilers: Guid format shader working directory is -21 characters bigger than the processId version (../../../../../../Users/PC/Documents/Unreal Projects/AppTemplate/Intermediate/Shaders/WorkingDirectory/4268/).
[2020.03.04-15.10.00:213][  0]LogShaderCompilers: Cleaned the shader compiler working directory 'C:/Users/PC/AppData/Local/Temp/UnrealShaderWorkingDir/B0473B9B442FE27A21BE07AE6048298D/'.
[2020.03.04-15.10.00:213][  0]LogXGEController: Cleaning working directory: C:/Users/PC/AppData/Local/Temp/UnrealXGEWorkingDir/
[2020.03.04-15.10.00:213][  0]LogXGEController: Cannot use XGE Controller as Incredibuild is not installed on this machine.
[2020.03.04-15.10.00:213][  0]LogShaderCompilers: Cannot use XGE Shader Compiler as Incredibuild is not installed on this machine.
[2020.03.04-15.10.00:213][  0]LogShaderCompilers: Display: Using Local Shader Compiler.
[2020.03.04-15.10.00:853][  0]LogDerivedDataCache: Display: Max Cache Size: 512 MB
[2020.03.04-15.10.00:898][  0]LogDerivedDataCache: Loaded boot cache 0.04s 71MB C:/Users/PC/AppData/Local/UnrealEngine/4.24/DerivedDataCache/Boot.ddc.
[2020.03.04-15.10.00:898][  0]LogDerivedDataCache: Display: Loaded Boot cache: C:/Users/PC/AppData/Local/UnrealEngine/4.24/DerivedDataCache/Boot.ddc
[2020.03.04-15.10.00:898][  0]LogDerivedDataCache: FDerivedDataBackendGraph:  Pak pak cache file ../../../../../../Users/PC/Documents/Unreal Projects/AppTemplate/DerivedDataCache/DDC.ddp not found, will not use a pak cache.
[2020.03.04-15.10.00:898][  0]LogDerivedDataCache: Unable to find inner node Pak for hierarchical cache Hierarchy.
[2020.03.04-15.10.00:898][  0]LogDerivedDataCache: FDerivedDataBackendGraph:  CompressedPak pak cache file ../../../../../../Users/PC/Documents/Unreal Projects/AppTemplate/DerivedDataCache/Compressed.ddp not found, will not use a pak cache.
[2020.03.04-15.10.00:898][  0]LogDerivedDataCache: Unable to find inner node CompressedPak for hierarchical cache Hierarchy.
[2020.03.04-15.10.00:907][  0]LogDerivedDataCache: Display: Pak cache opened for reading ../../../Engine/DerivedDataCache/Compressed.ddp.
[2020.03.04-15.10.00:907][  0]LogDerivedDataCache: FDerivedDataBackendGraph:  EnterprisePak pak cache file ../../../Enterprise/DerivedDataCache/Compressed.ddp not found, will not use a pak cache.
[2020.03.04-15.10.00:907][  0]LogDerivedDataCache: Unable to find inner node EnterprisePak for hierarchical cache Hierarchy.
[2020.03.04-15.10.00:908][  0]LogDerivedDataCache: Using Local data cache path C:/Users/PC/AppData/Local/UnrealEngine/Common/DerivedDataCache: Writable
[2020.03.04-15.10.00:909][  0]LogDerivedDataCache: Shared data cache path not found in *engine.ini, will not use an Shared cache.
[2020.03.04-15.10.00:909][  0]LogDerivedDataCache: Unable to find inner node Shared for hierarchical cache Hierarchy.
[2020.03.04-15.10.00:932][  0]LogMaterial: Verifying Global Shaders for PCD3D_SM5
[2020.03.04-15.10.00:934][  0]LogSlate: Using FreeType 2.10.0
[2020.03.04-15.10.00:934][  0]LogSlate: SlateFontServices - WITH_FREETYPE: 1, WITH_HARFBUZZ: 1
[2020.03.04-15.10.00:975][  0]LogAssetRegistry: FAssetRegistry took 0.0021 seconds to start up
[2020.03.04-15.10.01:216][  0]LogInit: Selected Device Profile: [Windows]
[2020.03.04-15.10.01:343][  0]LogMeshReduction: Using QuadricMeshReduction for automatic static mesh reduction
[2020.03.04-15.10.01:343][  0]LogMeshReduction: Using SimplygonMeshReduction for automatic skeletal mesh reduction
[2020.03.04-15.10.01:343][  0]LogMeshReduction: Using ProxyLODMeshReduction for automatic mesh merging
[2020.03.04-15.10.01:343][  0]LogMeshReduction: No distributed automatic mesh merging module available
[2020.03.04-15.10.01:344][  0]LogMeshMerging: No distributed automatic mesh merging module available
[2020.03.04-15.10.01:351][  0]LogLinker: Warning: Failed to load '/Script/AIModule': Can't find file.
[2020.03.04-15.10.01:351][  0]LogLinker: Warning: Failed to load '/Script/AIModule': Can't find file.
[2020.03.04-15.10.01:352][  0]LogUObjectGlobals: Warning: Failed to find object 'Class /Script/AIModule.AIController'
[2020.03.04-15.10.01:356][  0]LogNetVersion: AppTemplate 1.0.0, NetCL: 10570792, EngineNetVer: 13, GameNetVer: 0 (Checksum: 3405570727)
[2020.03.04-15.10.02:181][  0]LogPackageLocalizationCache: Processed 8 localized package path(s) for 1 prioritized culture(s) in 0.026663 seconds
[2020.03.04-15.10.02:187][  0]LogUObjectArray: 43443 objects as part of root set at end of initial load.
[2020.03.04-15.10.02:187][  0]LogUObjectAllocator: 7486904 out of 0 bytes used by permanent object pool.
[2020.03.04-15.10.02:187][  0]LogUObjectArray: CloseDisregardForGC: 0/0 objects in disregard for GC pool
[2020.03.04-15.10.02:483][  0]LogTcpMessaging: Initializing TcpMessaging bridge
[2020.03.04-15.10.02:485][  0]LogUdpMessaging: Initializing bridge on interface 0.0.0.0:0 to multicast group 230.0.0.1:6666.
[2020.03.04-15.10.02:508][  0]SourceControl: Source control is disabled
[2020.03.04-15.10.02:911][  0]LogAndroidPermission: UAndroidPermissionCallbackProxy::GetInstance
[2020.03.04-15.10.02:918][  0]LogAudioCaptureCore: Display: No Audio Capture implementations found. Audio input will be silent.
[2020.03.04-15.10.02:918][  0]LogAudioCaptureCore: Display: No Audio Capture implementations found. Audio input will be silent.
[2020.03.04-15.10.02:986][  0]LogEngine: Initializing Engine...
[2020.03.04-15.10.02:987][  0]LogStats: UGameplayTagsManager::InitializeManager -  0.000 s
[2020.03.04-15.10.03:277][  0]LogInit: Initializing FReadOnlyCVARCache
[2020.03.04-15.10.03:283][  0]LogAIModule: Creating AISystem for world Untitled
[2020.03.04-15.10.03:298][  0]LogAudioMixer: Display: Audio Mixer Platform Settings:
[2020.03.04-15.10.03:298][  0]LogAudioMixer: Display: 	Sample Rate:						  48000
[2020.03.04-15.10.03:298][  0]LogAudioMixer: Display: 	Callback Buffer Frame Size Requested: 1024
[2020.03.04-15.10.03:298][  0]LogAudioMixer: Display: 	Callback Buffer Frame Size To Use:	  1024
[2020.03.04-15.10.03:298][  0]LogAudioMixer: Display: 	Number of buffers to queue:			  2
[2020.03.04-15.10.03:298][  0]LogAudioMixer: Display: 	Max Channels (voices):				  32
[2020.03.04-15.10.03:298][  0]LogAudioMixer: Display: 	Number of Async Source Workers:		  0
[2020.03.04-15.10.03:298][  0]LogAudio: Display: AudioDevice MaxSources: 32
[2020.03.04-15.10.03:298][  0]LogAudio: Display: Using built-in audio occlusion.
[2020.03.04-15.10.03:298][  0]LogAudioMixer: Display: Initializing audio mixer.
[2020.03.04-15.10.03:325][  0]LogAudioMixer: Display: Audio Device Output Speaker Info:
[2020.03.04-15.10.03:325][  0]LogAudioMixer: Display: Name: Speakers (Realtek High Definition Audio)
[2020.03.04-15.10.03:325][  0]LogAudioMixer: Display: Is Default: Yes
[2020.03.04-15.10.03:325][  0]LogAudioMixer: Display: Sample Rate: 48000
[2020.03.04-15.10.03:325][  0]LogAudioMixer: Display: Channel Count Used: 2
[2020.03.04-15.10.03:325][  0]LogAudioMixer: Display: Device Channel Count: 2
[2020.03.04-15.10.03:325][  0]LogAudioMixer: Display: Channel Order:
[2020.03.04-15.10.03:325][  0]LogAudioMixer: Display: 0: FrontLeft
[2020.03.04-15.10.03:325][  0]LogAudioMixer: Display: 1: FrontRight
[2020.03.04-15.10.03:369][  0]LogAudioMixer: Display: Using Audio Device Speakers (Realtek High Definition Audio)
[2020.03.04-15.10.03:373][  0]LogInit: FAudioDevice initialized.
[2020.03.04-15.10.03:373][  0]LogNetVersion: Set ProjectVersion to 1.0.0.0. Version Checksum will be recalculated on next use.
[2020.03.04-15.10.03:437][  0]LogDerivedDataCache: Saved boot cache 0.06s 71MB C:/Users/PC/AppData/Local/UnrealEngine/4.24/DerivedDataCache/Boot.ddc.
[2020.03.04-15.10.03:441][  0]LogInit: Texture streaming: Enabled
[2020.03.04-15.10.03:448][  0]LogEngineSessionManager: EngineSessionManager initialized
[2020.03.04-15.10.03:448][  0]LogEditorSessionSummary: Verbose: Initializing EditorSessionSummaryWriter for editor session tracking
[2020.03.04-15.10.03:450][  0]LogEditorSessionSummary: EditorSessionSummaryWriter initialized
[2020.03.04-15.10.03:493][  0]LogInit: Transaction tracking system initialized
[2020.03.04-15.10.03:501][  0]BlueprintLog: New page: Editor Load
[2020.03.04-15.10.03:526][  0]LocalizationService: Localization service is disabled
[2020.03.04-15.10.04:045][  0]LogFileCache: Scanning file cache for directory 'C:/Users/PC/Documents/Unreal Projects/AppTemplate/Content/' took 0.00s
[2020.03.04-15.10.04:045][  0]LogCook: Display: Max memory allowance for cook 16384mb min free memory 0mb
[2020.03.04-15.10.04:045][  0]LogCook: Display: Mobile HDR setting 0
[2020.03.04-15.10.04:053][  0]LogBlueprintAssist: Registered BlueprintAssist Commands
[2020.03.04-15.10.04:054][  0]LogBlueprintAssist: Finished loaded BlueprintAssist Module
[2020.03.04-15.10.04:061][  0]LogStreaming: Warning: Failed to read file '../../../Engine/Plugins/Marketplace/ProductivityToolsLite/Resources/ButtonIcon_40x.png' error.
[2020.03.04-15.10.04:061][  0]LogSlate: Could not find file for Slate resource: ../../../Engine/Plugins/Marketplace/ProductivityToolsLite/Resources/ButtonIcon_40x.png
[2020.03.04-15.10.04:465][  0]LogStreaming: Warning: Failed to read file '../../../Engine/Plugins/Marketplace/ProductivityToolsLite/Resources/ButtonIcon_40x.png' error.
[2020.03.04-15.10.04:465][  0]LogSlate: Could not find file for Slate resource: ../../../Engine/Plugins/Marketplace/ProductivityToolsLite/Resources/ButtonIcon_40x.png
[2020.03.04-15.10.04:557][  0]Cmd: MAP LOAD FILE="../../../../../../Users/PC/Documents/Unreal Projects/AppTemplate/Content/Project/MainMap.umap" TEMPLATE=0 SHOWPROGRESS=1 FEATURELEVEL=3
[2020.03.04-15.10.04:557][  0]LightingResults: New page: Lighting Build
[2020.03.04-15.10.04:558][  0]LogWorld: UWorld::CleanupWorld for Untitled, bSessionEnded=true, bCleanupResources=true
[2020.03.04-15.10.04:558][  0]LogSlate: InvalidateAllWidgets triggered.  All widgets were invalidated
[2020.03.04-15.10.04:558][  0]MapCheck: New page: Map Check
[2020.03.04-15.10.04:558][  0]LightingResults: New page: Lighting Build
[2020.03.04-15.10.04:579][  0]LogUObjectHash: Compacting FUObjectHashTables data took   1.60ms
[2020.03.04-15.10.05:232][  0]LogAIModule: Creating AISystem for world MainMap
[2020.03.04-15.10.05:243][  0]LogEditorServer: Finished looking for orphan Actors (0.000 secs)
[2020.03.04-15.10.05:276][  0]LogUObjectHash: Compacting FUObjectHashTables data took   2.80ms
[2020.03.04-15.10.05:276][  0]Cmd: MAP CHECKDEP NOCLEARLOG
[2020.03.04-15.10.05:276][  0]MapCheck: Map check complete: 0 Error(s), 0 Warning(s), took 0,15ms to complete.
[2020.03.04-15.10.05:276][  0]LogFileHelpers: Loading map 'MainMap' took 0.720
[2020.03.04-15.10.05:400][  0]LogCollectionManager: Loaded 0 collections in 0.002427 seconds
[2020.03.04-15.10.05:421][  0]LogFileCache: Scanning file cache for directory 'C:/Users/PC/Documents/Unreal Projects/AppTemplate/Saved/Collections/' took 0.00s
[2020.03.04-15.10.05:421][  0]LogFileCache: Scanning file cache for directory 'C:/Users/PC/Documents/Unreal Projects/AppTemplate/Content/Developers/PC/Collections/' took 0.00s
[2020.03.04-15.10.05:421][  0]LogFileCache: Scanning file cache for directory 'C:/Users/PC/Documents/Unreal Projects/AppTemplate/Content/Collections/' took 0.00s
[2020.03.04-15.10.05:421][  0]LogContentBrowser: Native class hierarchy populated in 0.0111 seconds. Added 2918 classes and 659 folders.
[2020.03.04-15.10.05:428][  0]LogContentBrowser: Native class hierarchy updated for 'WidgetCarousel' in 0.0004 seconds. Added 0 classes and 0 folders.
[2020.03.04-15.10.05:492][  0]LogContentBrowser: Native class hierarchy updated for 'AddContentDialog' in 0.0005 seconds. Added 0 classes and 0 folders.
[2020.03.04-15.10.05:496][  0]LogContentBrowser: Native class hierarchy updated for 'SceneOutliner' in 0.0003 seconds. Added 2 classes and 0 folders.
[2020.03.04-15.10.05:520][  0]LogSlate: Updating window title bar state: overlay mode, drag disabled, window buttons hidden, title bar hidden
[2020.03.04-15.10.05:530][  0]LogSlate: Updating window title bar state: overlay mode, drag disabled, window buttons hidden, title bar hidden
[2020.03.04-15.10.05:539][  0]LogSlate: Updating window title bar state: overlay mode, drag disabled, window buttons hidden, title bar hidden
[2020.03.04-15.10.05:545][  0]LogSlate: Updating window title bar state: overlay mode, drag disabled, window buttons hidden, title bar hidden
[2020.03.04-15.10.05:557][  0]LogContentBrowser: Native class hierarchy updated for 'WorldBrowser' in 0.0005 seconds. Added 2 classes and 3 folders.
[2020.03.04-15.10.05:682][  0]LogSlate: Took 0.000114 seconds to synchronously load lazily loaded font '../../../Engine/Content/Slate/Fonts/Roboto-Regular.ttf' (155K)
[2020.03.04-15.10.05:684][  0]LogSlate: Took 0.000106 seconds to synchronously load lazily loaded font '../../../Engine/Content/Editor/Slate/Fonts/FontAwesome.ttf' (139K)
[2020.03.04-15.10.05:684][  0]LogSlate: Took 0.000091 seconds to synchronously load lazily loaded font '../../../Engine/Content/Slate/Fonts/Roboto-Bold.ttf' (160K)
[2020.03.04-15.10.05:747][  0]LogRenderer: Reallocating scene render targets to support 1068x864 Format 9 NumSamples 1 (Frame:1).
[2020.03.04-15.10.05:825][  0]LogContentBrowser: Native class hierarchy updated for 'HierarchicalLODOutliner' in 0.0003 seconds. Added 0 classes and 0 folders.
[2020.03.04-15.10.05:826][  0]LogLoad: (Engine Initialization) Total time: 7.62 seconds
[2020.03.04-15.10.05:826][  0]LogLoad: (Engine Initialization) Total Blueprint compile time: 0.00 seconds
[2020.03.04-15.10.05:874][  0]LogAssetRegistry: Asset discovery search completed in 4.8997 seconds
[2020.03.04-15.10.05:876][  0]LogBlueprintAssist: Loaded blueprint assist node size cache: ../../../Engine/Plugins/Marketplace/BlueprintAssist/NodeSizeCache/CFEE4FAC4A68A619B00CB6BE91891C2A.json
[2020.03.04-15.10.05:879][  0]LogAutoSizeComments: Loaded auto size comments cache: ../../../Engine/Plugins/Marketplace/AutoSizeComments/ASCCache/CFEE4FAC4A68A619B00CB6BE91891C2A.json
[2020.03.04-15.10.05:879][  0]LogCollectionManager: Fixed up redirectors for 0 collections in 0.000005 seconds (updated 0 objects)
[2020.03.04-15.10.05:884][  0]LogContentStreaming: Texture pool size now 400 MB
[2020.03.04-15.10.05:910][  0]LogSlate: Took 0.000129 seconds to synchronously load lazily loaded font '../../../Engine/Content/Slate/Fonts/Roboto-Light.ttf' (167K)
[2020.03.04-15.10.13:502][378]LogTcpMessaging: Started Connection to '127.0.0.1:6666'
[2020.03.04-15.14.19:732][521]LogAssetEditorSubsystem: Opening Asset editor for Blueprint /Game/Project/Blueprints/BP_CubeActor.BP_CubeActor
[2020.03.04-15.14.20:321][521]LogContentBrowser: Native class hierarchy updated for 'BlueprintGraph' in 0.0006 seconds. Added 121 classes and 0 folders.
[2020.03.04-15.14.21:095][521]LogSlate: Took 0.000154 seconds to synchronously load lazily loaded font '../../../Engine/Content/Slate/Fonts/Roboto-BoldCondensed.ttf' (158K)
[2020.03.04-15.14.21:130][522]LogSlate: Took 0.000149 seconds to synchronously load lazily loaded font '../../../Engine/Content/Slate/Fonts/Roboto-Italic.ttf' (157K)
[2020.03.04-15.14.25:455][771]BlueprintLog: New page: Compile BP_CubeActor
[2020.03.04-15.14.25:691][771]LogUObjectHash: Compacting FUObjectHashTables data took   4.15ms
[2020.03.04-15.14.26:535][818]BlueprintLog: New page: Compile BP_CubeActor
[2020.03.04-15.14.26:748][818]LogUObjectHash: Compacting FUObjectHashTables data took   3.96ms
[2020.03.04-15.14.48:261][ 89]BlueprintLog: New page: Compile BP_CubeActor
[2020.03.04-15.14.48:492][ 89]LogUObjectHash: Compacting FUObjectHashTables data took   5.28ms
[2020.03.04-15.14.57:002][576]BlueprintLog: New page: Compile BP_CubeActor
[2020.03.04-15.14.57:228][576]LogUObjectHash: Compacting FUObjectHashTables data took   4.02ms
[2020.03.04-15.15.00:790][781]BlueprintLog: New page: Compile BP_CubeActor
[2020.03.04-15.15.01:020][781]LogUObjectHash: Compacting FUObjectHashTables data took   4.07ms
[2020.03.04-15.15.02:492][865]BlueprintLog: New page: Compile BP_CubeActor
[2020.03.04-15.15.02:721][865]LogUObjectHash: Compacting FUObjectHashTables data took   4.05ms
[2020.03.04-15.15.03:238][888]Cmd: OBJ SAVEPACKAGE PACKAGE="/Game/Project/Blueprints/BP_CubeActor" FILE="../../../../../../Users/PC/Documents/Unreal Projects/AppTemplate/Content/Project/Blueprints/BP_CubeActor.uasset" SILENT=true
[2020.03.04-15.15.03:265][888]LogSavePackage: Moving '../../../../../../Users/PC/Documents/Unreal Projects/AppTemplate/Saved/BP_CubeActorC96DD3644C17B5459E9425B54BBCF490.tmp' to '../../../../../../Users/PC/Documents/Unreal Projects/AppTemplate/Content/Project/Blueprints/BP_CubeActor.uasset'
[2020.03.04-15.15.03:278][888]AssetCheck: New page: Asset Save: BP_CubeActor
[2020.03.04-15.15.03:278][888]LogContentValidation: Display: Validating Blueprint /Game/Project/Blueprints/BP_CubeActor.BP_CubeActor
